2024-11-17 20:27:29,246 - English card not found for: OP02-098_p4
2024-11-17 20:27:34,233 - Downloaded image from Asian URL: OP02-098_p4
2024-11-17 20:27:37,155 - English card not found for: OP02-108_p3
2024-11-17 20:27:43,753 - Downloaded image from Asian URL: OP02-108_p3
2024-11-17 20:27:45,221 - English card not found for: P-041_p5
2024-11-17 20:27:51,451 - Downloaded image from Asian URL: P-041_p5
2024-11-17 20:27:52,342 - English card not found for: ST03-004_p3
2024-11-17 20:27:54,502 - Downloaded image from Asian URL: ST03-004_p3
2024-11-17 20:28:02,851 - English card not found for: OP02-001_p4
2024-11-17 20:28:09,273 - Downloaded image from Asian URL: OP02-001_p4
2024-11-17 20:28:09,979 - English card not found for: OP02-008_p2
2024-11-17 20:28:11,320 - Downloaded image from Asian URL: OP02-008_p2
2024-11-17 20:28:12,005 - English card not found for: OP02-028_p2
2024-11-17 20:28:16,574 - Downloaded image from Asian URL: OP02-028_p2
2024-11-17 20:28:18,282 - English card not found for: OP02-033_p2
2024-11-17 20:28:20,178 - Downloaded image from Asian URL: OP02-033_p2
2024-11-17 20:28:20,868 - English card not found for: OP02-035_p3
2024-11-17 20:28:22,777 - Downloaded image from Asian URL: OP02-035_p3
2024-11-17 20:28:23,477 - English card not found for: OP02-037_p2
2024-11-17 20:28:31,143 - Downloaded image from Asian URL: OP02-037_p2
2024-11-17 20:28:34,282 - English card not found for: OP02-039_p2
2024-11-17 20:28:39,388 - Downloaded image from Asian URL: OP02-039_p2
2024-11-17 20:28:40,074 - English card not found for: OP02-040_p2
2024-11-17 20:28:41,316 - Downloaded image from Asian URL: OP02-040_p2
2024-11-17 20:28:42,012 - English card not found for: OP02-041_p3
2024-11-17 20:28:47,475 - Downloaded image from Asian URL: OP02-041_p3
2024-11-17 20:28:48,181 - English card not found for: OP02-043_p2
2024-11-17 20:28:49,853 - Downloaded image from Asian URL: OP02-043_p2
2024-11-17 20:28:50,566 - English card not found for: OP02-045_p2
2024-11-17 20:28:57,542 - Downloaded image from Asian URL: OP02-045_p2
2024-11-17 20:28:58,248 - English card not found for: ST01-001_p1
2024-11-17 20:28:59,500 - Downloaded image from Asian URL: ST01-001_p1
2024-11-17 20:29:00,197 - English card not found for: ST01-002_p3
2024-11-17 20:29:02,108 - Downloaded image from Asian URL: ST01-002_p3
2024-11-17 20:29:02,782 - English card not found for: ST01-003_p1
2024-11-17 20:29:04,577 - Downloaded image from Asian URL: ST01-003_p1
2024-11-17 20:29:05,811 - English card not found for: ST01-004_p3
2024-11-17 20:29:11,169 - Downloaded image from Asian URL: ST01-004_p3
2024-11-17 20:29:11,867 - English card not found for: ST01-007_p4
2024-11-17 20:29:15,236 - Downloaded image from Asian URL: ST01-007_p4
2024-11-17 20:29:15,920 - English card not found for: ST01-009_p2
2024-11-17 20:29:20,551 - Downloaded image from Asian URL: ST01-009_p2
2024-11-17 20:29:22,920 - English card not found for: ST01-016_p1
2024-11-17 20:29:24,292 - Downloaded image from Asian URL: ST01-016_p1
2024-11-17 20:29:25,008 - English card not found for: ST01-017_p1
2024-11-17 20:29:29,281 - Downloaded image from Asian URL: ST01-017_p1
2024-11-17 20:29:29,969 - English card not found for: ST02-001_p1
2024-11-17 20:29:33,996 - Downloaded image from Asian URL: ST02-001_p1
2024-11-17 20:29:34,934 - English card not found for: ST02-002_p1
2024-11-17 20:29:37,930 - Downloaded image from Asian URL: ST02-002_p1
2024-11-17 20:29:38,619 - English card not found for: ST02-003_p1
2024-11-17 20:29:39,817 - Downloaded image from Asian URL: ST02-003_p1
2024-11-17 20:29:43,137 - English card not found for: ST02-005_p1
2024-11-17 20:29:46,078 - Downloaded image from Asian URL: ST02-005_p1
2024-11-17 20:29:46,763 - English card not found for: ST02-006_p1
2024-11-17 20:29:48,314 - Downloaded image from Asian URL: ST02-006_p1
2024-11-17 20:29:49,015 - English card not found for: ST02-009_p1
2024-11-17 20:29:51,075 - Downloaded image from Asian URL: ST02-009_p1
2024-11-17 20:29:51,754 - English card not found for: ST02-010_p1
2024-11-17 20:29:53,258 - Downloaded image from Asian URL: ST02-010_p1
2024-11-17 20:29:53,954 - English card not found for: ST02-011_p1
2024-11-17 20:29:56,613 - Downloaded image from Asian URL: ST02-011_p1
2024-11-17 20:29:57,295 - English card not found for: ST02-012_p1
2024-11-17 20:30:01,771 - Downloaded image from Asian URL: ST02-012_p1
2024-11-17 20:30:04,358 - English card not found for: ST02-014_p1
2024-11-17 20:30:11,372 - Downloaded image from Asian URL: ST02-014_p1
2024-11-17 20:30:12,062 - English card not found for: ST02-015_p1
2024-11-17 20:30:15,719 - Downloaded image from Asian URL: ST02-015_p1
2024-11-17 20:30:16,419 - English card not found for: ST02-016_p1
2024-11-17 20:30:19,443 - Downloaded image from Asian URL: ST02-016_p1
2024-11-17 20:30:20,163 - English card not found for: ST02-017_p1
2024-11-17 20:30:22,229 - Downloaded image from Asian URL: ST02-017_p1
2024-11-17 20:30:22,894 - English card not found for: ST05-001_p1
2024-11-17 20:30:28,325 - Downloaded image from Asian URL: ST05-001_p1
2024-11-17 20:30:29,724 - English card not found for: ST05-002_p1
2024-11-17 20:30:31,619 - Downloaded image from Asian URL: ST05-002_p1
2024-11-17 20:30:32,317 - English card not found for: ST05-003_p1
2024-11-17 20:30:33,702 - Downloaded image from Asian URL: ST05-003_p1
2024-11-17 20:30:34,370 - English card not found for: ST05-004_p1
2024-11-17 20:30:37,480 - Downloaded image from Asian URL: ST05-004_p1
2024-11-17 20:30:38,226 - English card not found for: ST05-005_p1
2024-11-17 20:30:39,465 - Downloaded image from Asian URL: ST05-005_p1
2024-11-17 20:30:40,154 - English card not found for: ST05-006_p1
2024-11-17 20:30:41,517 - Downloaded image from Asian URL: ST05-006_p1
2024-11-17 20:30:42,773 - English card not found for: ST05-007_p1
2024-11-17 20:30:48,366 - Downloaded image from Asian URL: ST05-007_p1
2024-11-17 20:30:49,786 - English card not found for: ST05-008_p1
2024-11-17 20:30:51,790 - Downloaded image from Asian URL: ST05-008_p1
2024-11-17 20:30:52,468 - English card not found for: ST05-009_p1
2024-11-17 20:30:58,993 - Downloaded image from Asian URL: ST05-009_p1
2024-11-17 20:30:59,700 - English card not found for: ST05-010_p1
2024-11-17 20:31:05,494 - Downloaded image from Asian URL: ST05-010_p1
2024-11-17 20:31:06,194 - English card not found for: ST05-011_p1
2024-11-17 20:31:10,629 - Downloaded image from Asian URL: ST05-011_p1
2024-11-17 20:31:11,322 - English card not found for: ST05-012_p1
2024-11-17 20:31:17,070 - Downloaded image from Asian URL: ST05-012_p1
2024-11-17 20:31:18,482 - English card not found for: ST05-013_p1
2024-11-17 20:31:23,227 - Downloaded image from Asian URL: ST05-013_p1
2024-11-17 20:31:24,954 - English card not found for: ST05-014_p1
2024-11-17 20:31:33,225 - Downloaded image from Asian URL: ST05-014_p1
2024-11-17 20:31:34,141 - English card not found for: ST05-015_p1
2024-11-17 20:31:38,397 - Downloaded image from Asian URL: ST05-015_p1
2024-11-17 20:31:39,362 - English card not found for: ST05-016_p1
2024-11-17 20:31:40,813 - Downloaded image from Asian URL: ST05-016_p1
2024-11-17 20:31:41,889 - English card not found for: ST05-017_p1
2024-11-17 20:31:45,014 - Downloaded image from Asian URL: ST05-017_p1
2024-11-17 20:31:45,714 - English card not found for: EB01-012_p2
2024-11-17 20:31:48,300 - Downloaded image from Asian URL: EB01-012_p2
2024-11-17 20:31:48,979 - English card not found for: EB01-014_p1
2024-11-17 20:31:54,931 - Downloaded image from Asian URL: EB01-014_p1
2024-11-17 20:31:55,619 - English card not found for: OP01-004_p2
2024-11-17 20:32:05,292 - Downloaded image from Asian URL: OP01-004_p2
2024-11-17 20:32:06,578 - English card not found for: OP01-005_p4
2024-11-17 20:32:49,673 - Downloaded image from Asian URL: OP01-005_p4
2024-11-17 20:32:50,637 - English card not found for: OP01-016_p6
2024-11-17 20:33:17,010 - Downloaded image from Asian URL: OP01-016_p6
2024-11-17 20:33:17,689 - English card not found for: OP01-017_p3
2024-11-17 20:33:20,988 - Downloaded image from Asian URL: OP01-017_p3
2024-11-17 20:33:21,696 - English card not found for: OP01-021_p5
2024-11-17 20:33:50,587 - Downloaded image from Asian URL: OP01-021_p5
2024-11-17 20:33:51,279 - English card not found for: OP01-025_p4
2024-11-17 20:33:57,386 - Downloaded image from Asian URL: OP01-025_p4
2024-11-17 20:33:58,058 - English card not found for: OP01-077_p3
2024-11-17 20:34:05,213 - Downloaded image from Asian URL: OP01-077_p3
2024-11-17 20:34:06,147 - English card not found for: OP01-094_p3
2024-11-17 20:34:09,539 - Downloaded image from Asian URL: OP01-094_p3
2024-11-17 20:34:10,260 - English card not found for: OP01-108_p1
2024-11-17 20:34:12,223 - Downloaded image from Asian URL: OP01-108_p1
2024-11-17 20:34:22,474 - English card not found for: OP02-029_p2
2024-11-17 20:34:32,510 - Downloaded image from Asian URL: OP02-029_p2
2024-11-17 20:34:33,191 - English card not found for: OP02-034_p3
2024-11-17 20:34:34,371 - Downloaded image from Asian URL: OP02-034_p3
2024-11-17 20:34:36,635 - English card not found for: OP02-098_p3
2024-11-17 20:34:42,815 - Downloaded image from Asian URL: OP02-098_p3
2024-11-17 20:34:45,547 - English card not found for: OP02-105_p3
2024-11-17 20:34:53,362 - Downloaded image from Asian URL: OP02-105_p3
2024-11-17 20:34:55,755 - English card not found for: OP03-044_p2
2024-11-17 20:36:12,887 - Downloaded image from Asian URL: OP03-044_p2
2024-11-17 20:36:25,430 - English card not found for: OP05-098_p2
2024-11-17 20:36:32,736 - Downloaded image from Asian URL: OP05-098_p2
2024-11-17 20:36:33,416 - English card not found for: OP06-047_p1
2024-11-17 20:36:34,937 - Downloaded image from Asian URL: OP06-047_p1
2024-11-17 20:36:36,362 - English card not found for: OP06-047_p2
2024-11-17 20:36:39,350 - Downloaded image from Asian URL: OP06-047_p2
2024-11-17 20:36:40,564 - English card not found for: OP06-076_p1
2024-11-17 20:36:42,108 - Downloaded image from Asian URL: OP06-076_p1
2024-11-17 20:36:43,213 - English card not found for: OP06-093_p2
2024-11-17 20:36:49,071 - Downloaded image from Asian URL: OP06-093_p2
2024-11-17 20:36:56,133 - English card not found for: OP07-053_p2
2024-11-17 20:36:58,302 - Downloaded image from Asian URL: OP07-053_p2
2024-11-17 20:36:59,220 - English card not found for: OP07-080_p1
2024-11-17 20:37:01,700 - Downloaded image from Asian URL: OP07-080_p1
2024-11-17 20:37:02,399 - English card not found for: OP07-119_p2
2024-11-17 20:37:05,997 - Downloaded image from Asian URL: OP07-119_p2
2024-11-17 20:37:06,674 - English card not found for: OP08-084_p2
2024-11-17 20:37:11,616 - Downloaded image from Asian URL: OP08-084_p2
2024-11-17 20:37:12,290 - English card not found for: OP09-002_p2
2024-11-17 20:37:16,871 - Downloaded image from Asian URL: OP09-002_p2
2024-11-17 20:37:17,573 - English card not found for: P-003_p3
2024-11-17 20:37:18,781 - Downloaded image from Asian URL: P-003_p3
2024-11-17 20:37:20,147 - English card not found for: P-017_p2
2024-11-17 20:37:21,516 - Downloaded image from Asian URL: P-017_p2
2024-11-17 20:37:22,194 - English card not found for: P-028_p2
2024-11-17 20:37:52,687 - Downloaded image from Asian URL: P-028_p2
2024-11-17 20:37:53,808 - English card not found for: P-038
2024-11-17 20:38:00,156 - Downloaded image from Asian URL: P-038
2024-11-17 20:38:00,862 - English card not found for: P-040
2024-11-17 20:38:06,125 - Downloaded image from Asian URL: P-040
2024-11-17 20:38:07,337 - English card not found for: P-041_p3
2024-11-17 20:38:13,733 - Downloaded image from Asian URL: P-041_p3
2024-11-17 20:38:14,948 - English card not found for: P-041_p4
2024-11-17 20:39:15,162 - Downloaded image from Asian URL: P-041_p4
2024-11-17 20:39:15,877 - English card not found for: P-044
2024-11-17 20:39:17,434 - Downloaded image from Asian URL: P-044
2024-11-17 20:39:18,809 - English card not found for: P-063
2024-11-17 20:40:32,739 - Downloaded image from Asian URL: P-063
2024-11-17 20:40:33,447 - English card not found for: P-064
2024-11-17 20:40:38,930 - Downloaded image from Asian URL: P-064
2024-11-17 20:40:40,648 - English card not found for: P-066
2024-11-17 20:40:44,656 - Downloaded image from Asian URL: P-066
2024-11-17 20:40:45,360 - English card not found for: P-067
2024-11-17 20:40:52,831 - Downloaded image from Asian URL: P-067
2024-11-17 20:40:53,546 - English card not found for: P-070
2024-11-17 20:40:55,227 - Downloaded image from Asian URL: P-070
2024-11-17 20:40:55,914 - English card not found for: P-072
2024-11-17 20:41:04,405 - Downloaded image from Asian URL: P-072
2024-11-17 20:41:05,078 - English card not found for: P-077
2024-11-17 20:41:11,148 - Downloaded image from Asian URL: P-077
2024-11-17 20:41:11,822 - English card not found for: P-078_p1
2024-11-17 20:41:14,898 - Downloaded image from Asian URL: P-078_p1
2024-11-17 20:41:16,073 - English card not found for: P-079_p1
2024-11-17 20:41:20,098 - Downloaded image from Asian URL: P-079_p1
2024-11-17 20:41:21,486 - English card not found for: P-081_p1
2024-11-17 20:41:26,893 - Downloaded image from Asian URL: P-081_p1
2024-11-17 20:41:27,592 - English card not found for: P-082_p1
2024-11-17 20:41:31,459 - Downloaded image from Asian URL: P-082_p1
2024-11-17 20:41:32,134 - English card not found for: P-086
2024-11-17 20:41:36,486 - Downloaded image from Asian URL: P-086
2024-11-17 20:41:37,172 - English card not found for: ST01-001_p3
2024-11-17 20:41:38,904 - Downloaded image from Asian URL: ST01-001_p3
2024-11-17 20:41:39,612 - English card not found for: ST01-005_p3
2024-11-17 20:41:49,030 - Downloaded image from Asian URL: ST01-005_p3
2024-11-17 20:41:58,548 - English card not found for: ST01-008_p3
2024-11-17 20:42:50,544 - Downloaded image from Asian URL: ST01-008_p3
2024-11-17 20:42:51,827 - English card not found for: ST01-012_p5
2024-11-17 20:43:21,092 - Downloaded image from Asian URL: ST01-012_p5
2024-11-17 20:43:21,777 - English card not found for: ST01-012_p6
2024-11-17 20:44:02,854 - Downloaded image from Asian URL: ST01-012_p6
2024-11-17 20:44:04,325 - English card not found for: ST01-013_p5
2024-11-17 20:44:07,989 - Downloaded image from Asian URL: ST01-013_p5
2024-11-17 20:44:09,687 - English card not found for: ST01-013_p4
2024-11-17 20:45:18,509 - Downloaded image from Asian URL: ST01-013_p4
2024-11-17 20:45:19,207 - English card not found for: ST01-015_p2
2024-11-17 20:45:21,256 - Downloaded image from Asian URL: ST01-015_p2
2024-11-17 20:45:21,946 - English card not found for: ST01-015_p3
2024-11-17 20:45:25,687 - Downloaded image from Asian URL: ST01-015_p3
2024-11-17 20:45:26,359 - English card not found for: ST02-008_p2
2024-11-17 20:45:30,649 - Downloaded image from Asian URL: ST02-008_p2
2024-11-17 20:45:31,340 - English card not found for: ST02-013_p2
2024-11-17 20:46:13,933 - Downloaded image from Asian URL: ST02-013_p2
2024-11-17 20:46:19,789 - English card not found for: ST04-011_p3
2024-11-17 20:46:27,038 - Downloaded image from Asian URL: ST04-011_p3
2024-11-17 20:46:29,975 - English card not found for: ST07-008_p3
2024-11-17 20:46:37,132 - Downloaded image from Asian URL: ST07-008_p3
2024-11-17 20:46:37,809 - English card not found for: ST07-010_p2
2024-11-17 20:46:50,475 - Downloaded image from Asian URL: ST07-010_p2
2024-11-17 20:46:51,665 - English card not found for: ST10-004_p1
2024-11-17 20:47:01,609 - Downloaded image from Asian URL: ST10-004_p1
2024-11-17 20:47:02,287 - English card not found for: ST10-013_p2
2024-11-17 20:47:12,073 - Downloaded image from Asian URL: ST10-013_p2
2024-11-17 20:47:12,746 - English card not found for: OP01-005_p3
2024-11-17 20:47:24,802 - Downloaded image from Asian URL: OP01-005_p3
2024-11-17 20:47:27,549 - English card not found for: OP01-014_p2
2024-11-17 20:47:34,092 - Downloaded image from Asian URL: OP01-014_p2
2024-11-17 20:47:35,733 - English card not found for: OP01-021_p4
2024-11-17 20:47:37,137 - Downloaded image from Asian URL: OP01-021_p4
2024-11-17 20:47:39,567 - English card not found for: OP01-057_p1
2024-11-17 20:47:45,641 - Downloaded image from Asian URL: OP01-057_p1
2024-11-17 20:47:46,343 - English card not found for: OP01-114_p1
2024-11-17 20:47:47,846 - Downloaded image from Asian URL: OP01-114_p1
2024-11-17 20:47:48,595 - English card not found for: OP02-005_p1
2024-11-17 20:47:51,751 - Downloaded image from Asian URL: OP02-005_p1
2024-11-17 20:47:53,714 - English card not found for: OP02-036_p2
2024-11-17 20:47:57,450 - Downloaded image from Asian URL: OP02-036_p2
2024-11-17 20:47:58,182 - English card not found for: OP02-117_p1
2024-11-17 20:48:05,447 - Downloaded image from Asian URL: OP02-117_p1
2024-11-17 20:48:06,340 - English card not found for: OP02-120_p3
2024-11-17 20:48:08,165 - Downloaded image from Asian URL: OP02-120_p3
2024-11-17 20:48:09,045 - English card not found for: OP03-013_p3
2024-11-17 20:48:10,817 - Downloaded image from Asian URL: OP03-013_p3
2024-11-17 20:48:14,294 - English card not found for: OP04-105_p1
2024-11-17 20:48:15,799 - Downloaded image from Asian URL: OP04-105_p1
2024-11-17 20:48:16,543 - English card not found for: OP05-005_p1
2024-11-17 20:48:18,292 - Downloaded image from Asian URL: OP05-005_p1
2024-11-17 20:48:19,022 - English card not found for: OP05-019_p1
2024-11-17 20:48:20,568 - Downloaded image from Asian URL: OP05-019_p1
2024-11-17 20:48:24,121 - English card not found for: OP06-104_p1
2024-11-17 20:48:26,501 - Downloaded image from Asian URL: OP06-104_p1
2024-11-17 20:48:27,254 - English card not found for: P-011_p1
2024-11-17 20:48:29,051 - Downloaded image from Asian URL: P-011_p1
2024-11-17 20:48:29,801 - English card not found for: P-016_p2
2024-11-17 20:48:31,570 - Downloaded image from Asian URL: P-016_p2
2024-11-17 20:48:32,321 - English card not found for: P-022_p2
2024-11-17 20:48:34,102 - Downloaded image from Asian URL: P-022_p2
2024-11-17 20:48:34,992 - English card not found for: P-031_p1
2024-11-17 20:48:36,908 - Downloaded image from Asian URL: P-031_p1
2024-11-17 20:48:37,630 - English card not found for: P-047_p1
2024-11-17 20:48:39,401 - Downloaded image from Asian URL: P-047_p1
2024-11-17 20:48:40,284 - English card not found for: P-048_p1
2024-11-17 20:48:41,783 - Downloaded image from Asian URL: P-048_p1
2024-11-17 20:48:42,691 - English card not found for: P-049_p1
2024-11-17 20:48:44,020 - Downloaded image from Asian URL: P-049_p1
2024-11-17 20:48:44,919 - English card not found for: P-050_p1
2024-11-17 20:48:46,466 - Downloaded image from Asian URL: P-050_p1
2024-11-17 20:48:47,370 - English card not found for: P-051_p1
2024-11-17 20:48:48,654 - Downloaded image from Asian URL: P-051_p1
2024-11-17 20:48:49,395 - English card not found for: P-052_p1
2024-11-17 20:48:50,682 - Downloaded image from Asian URL: P-052_p1
2024-11-17 20:48:54,232 - English card not found for: P-056_p1
2024-11-17 20:48:55,449 - Downloaded image from Asian URL: P-056_p1
2024-11-17 20:48:56,340 - English card not found for: ST01-002_p4
2024-11-17 20:48:57,826 - Downloaded image from Asian URL: ST01-002_p4
2024-11-17 20:48:58,719 - English card not found for: ST01-004_p4
2024-11-17 20:49:00,497 - Downloaded image from Asian URL: ST01-004_p4
2024-11-17 20:49:01,221 - English card not found for: ST01-007_p5
2024-11-17 20:49:02,693 - Downloaded image from Asian URL: ST01-007_p5
2024-11-17 20:49:03,429 - English card not found for: ST01-011_p4
2024-11-17 20:49:05,209 - Downloaded image from Asian URL: ST01-011_p4
2024-11-17 20:49:05,943 - English card not found for: ST01-013_p3
2024-11-17 20:49:07,721 - Downloaded image from Asian URL: ST01-013_p3
2024-11-17 20:49:09,925 - English card not found for: ST03-012_p1
2024-11-17 20:49:11,144 - Downloaded image from Asian URL: ST03-012_p1
2024-11-17 20:49:13,448 - English card not found for: ST03-017_p1
2024-11-17 20:49:14,760 - Downloaded image from Asian URL: ST03-017_p1
2024-11-17 20:49:17,214 - English card not found for: ST04-017_p1
2024-11-17 20:49:18,607 - Downloaded image from Asian URL: ST04-017_p1
2024-11-17 20:49:19,507 - English card not found for: ST05-004_p2
2024-11-17 20:49:21,357 - Downloaded image from Asian URL: ST05-004_p2
2024-11-17 20:49:22,242 - English card not found for: ST05-014_p2
2024-11-17 20:49:23,816 - Downloaded image from Asian URL: ST05-014_p2
2024-11-17 20:49:24,530 - English card not found for: ST06-008_p1
2024-11-17 20:49:26,070 - Downloaded image from Asian URL: ST06-008_p1
2024-11-17 20:49:26,804 - English card not found for: ST08-002_p2
2024-11-17 20:49:28,505 - Downloaded image from Asian URL: ST08-002_p2
2024-11-17 20:49:29,363 - English card not found for: OP01-006_p0
2024-11-17 20:49:30,941 - Downloaded image from Asian URL: OP01-006_p0
2024-11-17 20:49:34,940 - English card not found for: OP01-024_p0
2024-11-17 20:49:36,216 - Downloaded image from Asian URL: OP01-024_p0
2024-11-17 20:49:38,230 - English card not found for: OP01-029_p0
2024-11-17 20:49:39,322 - Downloaded image from Asian URL: OP01-029_p0
2024-11-17 20:49:41,762 - English card not found for: OP01-029_p4
2024-11-17 20:49:43,025 - Downloaded image from Asian URL: OP01-029_p4
2024-11-17 20:49:43,780 - English card not found for: OP01-033_p0
2024-11-17 20:49:44,866 - Downloaded image from Asian URL: OP01-033_p0
2024-11-17 20:49:49,876 - English card not found for: OP01-041_p0
2024-11-17 20:49:50,990 - Downloaded image from Asian URL: OP01-041_p0
2024-11-17 20:49:55,851 - English card not found for: OP01-047_p0
2024-11-17 20:49:57,373 - Downloaded image from Asian URL: OP01-047_p0
2024-11-17 20:49:59,643 - English card not found for: OP01-051_p0
2024-11-17 20:50:01,579 - Downloaded image from Asian URL: OP01-051_p0
2024-11-17 20:50:03,657 - English card not found for: OP01-052_p0
2024-11-17 20:50:04,693 - Downloaded image from Asian URL: OP01-052_p0
2024-11-17 20:50:06,981 - English card not found for: OP01-070_p0
2024-11-17 20:50:08,277 - Downloaded image from Asian URL: OP01-070_p0
2024-11-17 20:50:10,868 - English card not found for: OP01-078_p0
2024-11-17 20:50:12,410 - Downloaded image from Asian URL: OP01-078_p0
2024-11-17 20:50:14,846 - English card not found for: OP01-120_p0
2024-11-17 20:50:16,160 - Downloaded image from Asian URL: OP01-120_p0
2024-11-17 20:50:18,370 - English card not found for: OP01-120_p6
2024-11-17 20:50:19,706 - Downloaded image from Asian URL: OP01-120_p6
2024-11-17 20:50:20,451 - English card not found for: OP01-121_p0
2024-11-17 20:50:21,882 - Downloaded image from Asian URL: OP01-121_p0
2024-11-17 20:50:24,281 - English card not found for: OP02-004_p0
2024-11-17 20:50:25,615 - Downloaded image from Asian URL: OP02-004_p0
2024-11-17 20:50:29,699 - English card not found for: OP02-015_p0
2024-11-17 20:50:30,982 - Downloaded image from Asian URL: OP02-015_p0
2024-11-17 20:50:33,070 - English card not found for: OP02-018_p0
2024-11-17 20:50:34,423 - Downloaded image from Asian URL: OP02-018_p0
2024-11-17 20:50:39,900 - English card not found for: OP02-089_p0
2024-11-17 20:50:41,152 - Downloaded image from Asian URL: OP02-089_p0
2024-11-17 20:50:46,356 - English card not found for: OP02-096_p0
2024-11-17 20:50:47,645 - Downloaded image from Asian URL: OP02-096_p0
2024-11-17 20:50:48,359 - English card not found for: OP02-096_p4
2024-11-17 20:50:49,680 - Downloaded image from Asian URL: OP02-096_p4
2024-11-17 20:50:50,433 - English card not found for: OP02-099_p0
2024-11-17 20:50:51,892 - Downloaded image from Asian URL: OP02-099_p0
2024-11-17 20:50:52,722 - English card not found for: OP02-099_p5
2024-11-17 20:50:54,273 - Downloaded image from Asian URL: OP02-099_p5
2024-11-17 20:50:55,137 - English card not found for: OP02-106_p0
2024-11-17 20:50:56,395 - Downloaded image from Asian URL: OP02-106_p0
2024-11-17 20:51:00,428 - English card not found for: OP02-114_p0
2024-11-17 20:51:01,653 - Downloaded image from Asian URL: OP02-114_p0
2024-11-17 20:51:02,531 - English card not found for: OP02-114_p4
2024-11-17 20:51:04,068 - Downloaded image from Asian URL: OP02-114_p4
2024-11-17 20:51:04,808 - English card not found for: OP02-117_p0
2024-11-17 20:51:06,396 - Downloaded image from Asian URL: OP02-117_p0
2024-11-17 20:51:09,930 - English card not found for: OP02-121_p0
2024-11-17 20:51:11,197 - Downloaded image from Asian URL: OP02-121_p0
2024-11-17 20:51:13,784 - English card not found for: OP03-003_p0
2024-11-17 20:51:15,371 - Downloaded image from Asian URL: OP03-003_p0
2024-11-17 20:51:21,847 - English card not found for: OP03-055_p0
2024-11-17 20:51:23,129 - Downloaded image from Asian URL: OP03-055_p0
2024-11-17 20:51:26,690 - English card not found for: OP03-056_p0
2024-11-17 20:51:27,908 - Downloaded image from Asian URL: OP03-056_p0
2024-11-17 20:51:33,414 - English card not found for: OP03-057_p0
2024-11-17 20:51:34,949 - Downloaded image from Asian URL: OP03-057_p0
2024-11-17 20:51:39,488 - English card not found for: OP03-060_p0
2024-11-17 20:51:41,046 - Downloaded image from Asian URL: OP03-060_p0
2024-11-17 20:51:44,673 - English card not found for: OP03-079_p0
2024-11-17 20:51:45,978 - Downloaded image from Asian URL: OP03-079_p0
2024-11-17 20:51:49,706 - English card not found for: OP03-089_p0
2024-11-17 20:51:51,253 - Downloaded image from Asian URL: OP03-089_p0
2024-11-17 20:51:55,793 - English card not found for: OP03-094_p0
2024-11-17 20:51:57,126 - Downloaded image from Asian URL: OP03-094_p0
2024-11-17 20:52:00,841 - English card not found for: OP03-108_p0
2024-11-17 20:52:02,385 - Downloaded image from Asian URL: OP03-108_p0
2024-11-17 20:52:04,414 - English card not found for: OP03-110_p0
2024-11-17 20:52:05,704 - Downloaded image from Asian URL: OP03-110_p0
2024-11-17 20:52:10,392 - English card not found for: OP03-113_p0
2024-11-17 20:52:11,929 - Downloaded image from Asian URL: OP03-113_p0
2024-11-17 20:52:13,941 - English card not found for: OP03-116_p0
2024-11-17 20:52:15,197 - Downloaded image from Asian URL: OP03-116_p0
2024-11-17 20:52:16,024 - English card not found for: OP03-121_p0
2024-11-17 20:52:17,287 - Downloaded image from Asian URL: OP03-121_p0
2024-11-17 20:52:19,505 - English card not found for: OP03-121_p5
2024-11-17 20:52:20,730 - Downloaded image from Asian URL: OP03-121_p5
2024-11-17 20:52:22,738 - English card not found for: OP03-123_p0
2024-11-17 20:52:24,498 - Downloaded image from Asian URL: OP03-123_p0
2024-11-17 20:52:27,083 - English card not found for: OP04-029_p0
2024-11-17 20:52:28,403 - Downloaded image from Asian URL: OP04-029_p0
2024-11-17 20:52:32,426 - English card not found for: OP04-031_p0
2024-11-17 20:52:33,694 - Downloaded image from Asian URL: OP04-031_p0
2024-11-17 20:52:35,857 - English card not found for: OP04-032_p0
2024-11-17 20:52:37,340 - Downloaded image from Asian URL: OP04-032_p0
2024-11-17 20:52:41,047 - English card not found for: OP04-036_p0
2024-11-17 20:52:42,394 - Downloaded image from Asian URL: OP04-036_p0
2024-11-17 20:52:46,089 - English card not found for: OP04-044_p0
2024-11-17 20:52:47,647 - Downloaded image from Asian URL: OP04-044_p0
2024-11-17 20:52:50,053 - English card not found for: OP04-056_p0
2024-11-17 20:52:51,641 - Downloaded image from Asian URL: OP04-056_p0
2024-11-17 20:52:58,358 - English card not found for: OP04-089_p0
2024-11-17 20:52:59,729 - Downloaded image from Asian URL: OP04-089_p0
2024-11-17 20:53:04,627 - English card not found for: OP04-095_p0
2024-11-17 20:53:06,185 - Downloaded image from Asian URL: OP04-095_p0
2024-11-17 20:53:09,700 - English card not found for: OP04-100_p0
2024-11-17 20:53:10,985 - Downloaded image from Asian URL: OP04-100_p0
2024-11-17 20:53:16,119 - English card not found for: OP04-104_p0
2024-11-17 20:53:17,642 - Downloaded image from Asian URL: OP04-104_p0
2024-11-17 20:53:19,881 - English card not found for: OP04-112_p0
2024-11-17 20:53:21,881 - Downloaded image from Asian URL: OP04-112_p0
2024-11-17 20:53:24,219 - English card not found for: OP05-006_p0
2024-11-17 20:53:25,758 - Downloaded image from Asian URL: OP05-006_p0
2024-11-17 20:53:27,787 - English card not found for: OP05-007_p0
2024-11-17 20:53:29,020 - Downloaded image from Asian URL: OP05-007_p0
2024-11-17 20:53:31,066 - English card not found for: OP05-010_p0
2024-11-17 20:53:32,376 - Downloaded image from Asian URL: OP05-010_p0
2024-11-17 20:53:36,365 - English card not found for: OP05-015_p0
2024-11-17 20:53:37,570 - Downloaded image from Asian URL: OP05-015_p0
2024-11-17 20:53:42,810 - English card not found for: OP05-034_p0
2024-11-17 20:53:44,051 - Downloaded image from Asian URL: OP05-034_p0
2024-11-17 20:53:48,508 - English card not found for: OP05-043_p0
2024-11-17 20:53:50,080 - Downloaded image from Asian URL: OP05-043_p0
2024-11-17 20:53:52,318 - English card not found for: OP05-057_p0
2024-11-17 20:53:53,900 - Downloaded image from Asian URL: OP05-057_p0
2024-11-17 20:54:02,853 - English card not found for: OP05-073_p0
2024-11-17 20:54:04,381 - Downloaded image from Asian URL: OP05-073_p0
2024-11-17 20:54:07,920 - English card not found for: OP05-074_p0
2024-11-17 20:54:09,381 - Downloaded image from Asian URL: OP05-074_p0
2024-11-17 20:54:12,866 - English card not found for: OP05-081_p0
2024-11-17 20:54:14,157 - Downloaded image from Asian URL: OP05-081_p0
2024-11-17 20:54:19,269 - English card not found for: OP05-082_p0
2024-11-17 20:54:20,804 - Downloaded image from Asian URL: OP05-082_p0
2024-11-17 20:54:25,975 - English card not found for: OP05-105_p0
2024-11-17 20:54:27,217 - Downloaded image from Asian URL: OP05-105_p0
2024-11-17 20:54:32,335 - English card not found for: OP05-114_p0
2024-11-17 20:54:33,417 - Downloaded image from Asian URL: OP05-114_p0
2024-11-17 20:54:37,078 - English card not found for: OP05-115_p0
2024-11-17 20:54:38,608 - Downloaded image from Asian URL: OP05-115_p0
2024-11-17 20:54:43,365 - English card not found for: OP05-117_p0
2024-11-17 20:54:44,913 - Downloaded image from Asian URL: OP05-117_p0
2024-11-17 20:54:49,804 - English card not found for: OP05-118_p0
2024-11-17 20:54:51,360 - Downloaded image from Asian URL: OP05-118_p0
2024-11-17 20:54:54,010 - English card not found for: OP05-119_p0
2024-11-17 20:54:55,300 - Downloaded image from Asian URL: OP05-119_p0
2024-11-17 20:54:58,989 - English card not found for: OP06-003_p0
2024-11-17 20:55:00,272 - Downloaded image from Asian URL: OP06-003_p0
2024-11-17 20:55:03,896 - English card not found for: OP06-023_p0
2024-11-17 20:55:05,392 - Downloaded image from Asian URL: OP06-023_p0
2024-11-17 20:55:10,610 - English card not found for: OP06-035_p0
2024-11-17 20:55:11,948 - Downloaded image from Asian URL: OP06-035_p0
2024-11-17 20:55:14,250 - English card not found for: OP06-036_p0
2024-11-17 20:55:15,773 - Downloaded image from Asian URL: OP06-036_p0
2024-11-17 20:55:20,915 - English card not found for: OP06-038_p0
2024-11-17 20:55:22,451 - Downloaded image from Asian URL: OP06-038_p0
2024-11-17 20:55:26,191 - English card not found for: OP06-056_p0
2024-11-17 20:55:27,520 - Downloaded image from Asian URL: OP06-056_p0
2024-11-17 20:55:30,868 - English card not found for: OP06-060_p0
2024-11-17 20:55:32,191 - Downloaded image from Asian URL: OP06-060_p0
2024-11-17 20:55:35,728 - English card not found for: OP06-064_p0
2024-11-17 20:55:37,182 - Downloaded image from Asian URL: OP06-064_p0
2024-11-17 20:55:40,756 - English card not found for: OP06-065_p0
2024-11-17 20:55:42,294 - Downloaded image from Asian URL: OP06-065_p0
2024-11-17 20:55:48,404 - English card not found for: OP06-066_p0
2024-11-17 20:55:49,760 - Downloaded image from Asian URL: OP06-066_p0
2024-11-17 20:55:53,503 - English card not found for: OP06-067_p0
2024-11-17 20:55:54,627 - Downloaded image from Asian URL: OP06-067_p0
2024-11-17 20:55:59,530 - English card not found for: OP06-068_p0
2024-11-17 20:56:00,856 - Downloaded image from Asian URL: OP06-068_p0
2024-11-17 20:56:04,638 - English card not found for: OP06-069_p0
2024-11-17 20:56:06,031 - Downloaded image from Asian URL: OP06-069_p0
2024-11-17 20:56:08,213 - English card not found for: OP06-079_p0
2024-11-17 20:56:09,754 - Downloaded image from Asian URL: OP06-079_p0
2024-11-17 20:56:14,810 - English card not found for: OP06-086_p0
2024-11-17 20:56:16,338 - Downloaded image from Asian URL: OP06-086_p0
2024-11-17 20:56:18,475 - English card not found for: OP06-091_p0
2024-11-17 20:56:20,046 - Downloaded image from Asian URL: OP06-091_p0
2024-11-17 20:56:23,774 - English card not found for: OP06-100_p0
2024-11-17 20:56:24,911 - Downloaded image from Asian URL: OP06-100_p0
2024-11-17 20:56:28,614 - English card not found for: OP06-106_p0
2024-11-17 20:56:30,183 - Downloaded image from Asian URL: OP06-106_p0
2024-11-17 20:56:32,671 - English card not found for: OP06-110_p0
2024-11-17 20:56:34,000 - Downloaded image from Asian URL: OP06-110_p0
2024-11-17 20:56:36,295 - English card not found for: OP06-114_p0
2024-11-17 20:56:37,612 - Downloaded image from Asian URL: OP06-114_p0
2024-11-17 20:56:43,219 - English card not found for: P-014_p0
2024-11-17 20:56:44,523 - Downloaded image from Asian URL: P-014_p0
2024-11-17 20:56:48,493 - English card not found for: P-029_p0
2024-11-17 20:56:50,018 - Downloaded image from Asian URL: P-029_p0
2024-11-17 20:56:53,960 - English card not found for: P-053_p0
2024-11-17 20:56:55,295 - Downloaded image from Asian URL: P-053_p0
2024-11-17 20:56:58,968 - English card not found for: P-055_p0
2024-11-17 20:57:00,331 - Downloaded image from Asian URL: P-055_p0
2024-11-17 20:57:07,053 - English card not found for: ST01-006_p0
2024-11-17 20:57:08,410 - Downloaded image from Asian URL: ST01-006_p0
2024-11-17 20:57:10,672 - English card not found for: ST01-006_p9
2024-11-17 20:57:12,006 - Downloaded image from Asian URL: ST01-006_p9
2024-11-17 20:57:12,888 - English card not found for: ST01-006_p10
2024-11-17 20:57:14,466 - Downloaded image from Asian URL: ST01-006_p10
2024-11-17 20:57:15,369 - English card not found for: ST01-014_p0
2024-11-17 20:57:16,545 - Downloaded image from Asian URL: ST01-014_p0
2024-11-17 20:57:20,595 - English card not found for: ST02-004_p0
2024-11-17 20:57:21,781 - Downloaded image from Asian URL: ST02-004_p0
2024-11-17 20:57:25,384 - English card not found for: ST02-004_p5
2024-11-17 20:57:26,816 - Downloaded image from Asian URL: ST02-004_p5
2024-11-17 20:57:27,658 - English card not found for: ST03-005_p0
2024-11-17 20:57:29,084 - Downloaded image from Asian URL: ST03-005_p0
2024-11-17 20:57:32,837 - English card not found for: ST03-008_p0
2024-11-17 20:57:34,060 - Downloaded image from Asian URL: ST03-008_p0
2024-11-17 20:57:36,386 - English card not found for: ST03-008_p8
2024-11-17 20:57:37,867 - Downloaded image from Asian URL: ST03-008_p8
2024-11-17 20:57:38,781 - English card not found for: ST03-013_p0
2024-11-17 20:57:40,275 - Downloaded image from Asian URL: ST03-013_p0
2024-11-17 20:57:46,004 - English card not found for: ST04-003_p0
2024-11-17 20:57:47,524 - Downloaded image from Asian URL: ST04-003_p0
2024-11-17 20:57:49,879 - English card not found for: ST04-005_p0
2024-11-17 20:57:51,280 - Downloaded image from Asian URL: ST04-005_p0
2024-11-17 20:57:53,638 - English card not found for: ST04-005_p5
2024-11-17 20:57:55,225 - Downloaded image from Asian URL: ST04-005_p5
2024-11-17 20:57:56,079 - English card not found for: ST04-016_p0
2024-11-17 20:57:57,584 - Downloaded image from Asian URL: ST04-016_p0
2024-11-17 20:57:59,822 - English card not found for: ST04-016_p4
2024-11-17 20:58:01,366 - Downloaded image from Asian URL: ST04-016_p4
2024-11-17 20:58:02,223 - English card not found for: ST06-010_p0
2024-11-17 20:58:04,483 - Downloaded image from Asian URL: ST06-010_p0
2024-11-17 20:58:08,475 - English card not found for: ST06-014_p0
2024-11-17 20:58:10,036 - Downloaded image from Asian URL: ST06-014_p0
2024-11-17 20:58:13,921 - English card not found for: ST07-007_p0
2024-11-17 20:58:15,405 - Downloaded image from Asian URL: ST07-007_p0
2024-11-17 20:58:19,327 - English card not found for: ST09-014_p0
2024-11-17 20:58:20,779 - Downloaded image from Asian URL: ST09-014_p0
2024-11-17 20:58:24,632 - English card not found for: ST10-010_p0
2024-11-17 20:58:26,178 - Downloaded image from Asian URL: ST10-010_p0
2024-11-17 20:58:28,542 - English card not found for: ST12-014_p0
2024-11-17 20:58:30,010 - Downloaded image from Asian URL: ST12-014_p0
2024-11-17 20:58:33,994 - English card not found for: OP04-119_p2
2024-11-17 20:58:35,679 - Downloaded image from Asian URL: OP04-119_p2
2024-11-17 20:58:36,542 - English card not found for: OP05-067_p4
2024-11-17 20:58:38,297 - Downloaded image from Asian URL: OP05-067_p4
2024-11-17 20:58:39,181 - English card not found for: OP05-093_p2
2024-11-17 20:58:40,791 - Downloaded image from Asian URL: OP05-093_p2
2024-11-17 20:58:43,419 - English card not found for: OP07-015_p2
2024-11-17 20:58:44,976 - Downloaded image from Asian URL: OP07-015_p2
2024-11-17 20:58:45,882 - English card not found for: OP07-051_p3
2024-11-17 20:58:47,414 - Downloaded image from Asian URL: OP07-051_p3
2024-11-17 20:58:48,281 - English card not found for: OP08-106_p4
2024-11-17 20:58:49,820 - Downloaded image from Asian URL: OP08-106_p4
2024-11-17 20:58:50,719 - English card not found for: OP09-001
2024-11-17 20:58:52,261 - Downloaded image from Asian URL: OP09-001
2024-11-17 20:58:53,129 - English card not found for: OP09-001_p1
2024-11-17 20:58:54,763 - Downloaded image from Asian URL: OP09-001_p1
2024-11-17 20:58:55,620 - English card not found for: OP09-002
2024-11-17 20:58:57,171 - Downloaded image from Asian URL: OP09-002
2024-11-17 20:58:58,040 - English card not found for: OP09-002_p1
2024-11-17 20:58:59,617 - Downloaded image from Asian URL: OP09-002_p1
2024-11-17 20:59:00,529 - English card not found for: OP09-003
2024-11-17 20:59:02,025 - Downloaded image from Asian URL: OP09-003
2024-11-17 20:59:02,924 - English card not found for: OP09-004
2024-11-17 20:59:04,465 - Downloaded image from Asian URL: OP09-004
2024-11-17 20:59:05,347 - English card not found for: OP09-004_p1
2024-11-17 20:59:07,072 - Downloaded image from Asian URL: OP09-004_p1
2024-11-17 20:59:07,959 - English card not found for: OP09-004_p2
2024-11-17 20:59:09,536 - Downloaded image from Asian URL: OP09-004_p2
2024-11-17 20:59:10,391 - English card not found for: OP09-004_p3
2024-11-17 20:59:12,154 - Downloaded image from Asian URL: OP09-004_p3
2024-11-17 20:59:13,016 - English card not found for: OP09-005
2024-11-17 20:59:14,560 - Downloaded image from Asian URL: OP09-005
2024-11-17 20:59:15,462 - English card not found for: OP09-006
2024-11-17 20:59:16,936 - Downloaded image from Asian URL: OP09-006
2024-11-17 20:59:17,836 - English card not found for: OP09-007
2024-11-17 20:59:19,453 - Downloaded image from Asian URL: OP09-007
2024-11-17 20:59:20,325 - English card not found for: OP09-008
2024-11-17 20:59:21,870 - Downloaded image from Asian URL: OP09-008
2024-11-17 20:59:22,767 - English card not found for: OP09-009
2024-11-17 20:59:24,282 - Downloaded image from Asian URL: OP09-009
2024-11-17 20:59:25,192 - English card not found for: OP09-009_p1
2024-11-17 20:59:26,741 - Downloaded image from Asian URL: OP09-009_p1
2024-11-17 20:59:27,669 - English card not found for: OP09-010
2024-11-17 20:59:29,235 - Downloaded image from Asian URL: OP09-010
2024-11-17 20:59:30,124 - English card not found for: OP09-011
2024-11-17 20:59:31,631 - Downloaded image from Asian URL: OP09-011
2024-11-17 20:59:32,525 - English card not found for: OP09-012
2024-11-17 20:59:34,063 - Downloaded image from Asian URL: OP09-012
2024-11-17 20:59:34,923 - English card not found for: OP09-013
2024-11-17 20:59:36,374 - Downloaded image from Asian URL: OP09-013
2024-11-17 20:59:37,219 - English card not found for: OP09-014
2024-11-17 20:59:38,765 - Downloaded image from Asian URL: OP09-014
2024-11-17 20:59:39,650 - English card not found for: OP09-015
2024-11-17 20:59:41,204 - Downloaded image from Asian URL: OP09-015
2024-11-17 20:59:42,104 - English card not found for: OP09-016
2024-11-17 20:59:43,702 - Downloaded image from Asian URL: OP09-016
2024-11-17 20:59:44,607 - English card not found for: OP09-017
2024-11-17 20:59:46,090 - Downloaded image from Asian URL: OP09-017
2024-11-17 20:59:46,984 - English card not found for: OP09-018
2024-11-17 20:59:48,477 - Downloaded image from Asian URL: OP09-018
2024-11-17 20:59:49,388 - English card not found for: OP09-019
2024-11-17 20:59:52,460 - Downloaded image from Asian URL: OP09-019
2024-11-17 20:59:53,358 - English card not found for: OP09-020
2024-11-17 20:59:54,913 - Downloaded image from Asian URL: OP09-020
2024-11-17 20:59:55,783 - English card not found for: OP09-021
2024-11-17 20:59:57,322 - Downloaded image from Asian URL: OP09-021
2024-11-17 20:59:58,178 - English card not found for: OP09-022
2024-11-17 20:59:59,743 - Downloaded image from Asian URL: OP09-022
2024-11-17 21:00:00,606 - English card not found for: OP09-022_p1
2024-11-17 21:00:02,165 - Downloaded image from Asian URL: OP09-022_p1
2024-11-17 21:00:03,094 - English card not found for: OP09-023
2024-11-17 21:00:04,801 - Downloaded image from Asian URL: OP09-023
2024-11-17 21:00:05,697 - English card not found for: OP09-023_p1
2024-11-17 21:00:07,526 - Downloaded image from Asian URL: OP09-023_p1
2024-11-17 21:00:08,411 - English card not found for: OP09-024
2024-11-17 21:00:09,963 - Downloaded image from Asian URL: OP09-024
2024-11-17 21:00:10,857 - English card not found for: OP09-025
2024-11-17 21:00:12,414 - Downloaded image from Asian URL: OP09-025
2024-11-17 21:00:13,324 - English card not found for: OP09-026
2024-11-17 21:00:14,898 - Downloaded image from Asian URL: OP09-026
2024-11-17 21:00:15,789 - English card not found for: OP09-027
2024-11-17 21:00:17,235 - Downloaded image from Asian URL: OP09-027
2024-11-17 21:00:18,113 - English card not found for: OP09-028
2024-11-17 21:00:19,672 - Downloaded image from Asian URL: OP09-028
2024-11-17 21:00:20,579 - English card not found for: OP09-029
2024-11-17 21:00:22,133 - Downloaded image from Asian URL: OP09-029
2024-11-17 21:00:23,035 - English card not found for: OP09-030
2024-11-17 21:00:24,611 - Downloaded image from Asian URL: OP09-030
2024-11-17 21:00:25,484 - English card not found for: OP09-031
2024-11-17 21:00:27,049 - Downloaded image from Asian URL: OP09-031
2024-11-17 21:00:27,845 - English card not found for: OP09-032
2024-11-17 21:00:29,461 - Downloaded image from Asian URL: OP09-032
2024-11-17 21:00:30,341 - English card not found for: OP09-033
2024-11-17 21:00:31,877 - Downloaded image from Asian URL: OP09-033
2024-11-17 21:00:32,809 - English card not found for: OP09-034
2024-11-17 21:00:36,619 - Downloaded image from Asian URL: OP09-034
2024-11-17 21:00:37,526 - English card not found for: OP09-034_p1
2024-11-17 21:00:39,107 - Downloaded image from Asian URL: OP09-034_p1
2024-11-17 21:00:40,025 - English card not found for: OP09-035
2024-11-17 21:00:41,551 - Downloaded image from Asian URL: OP09-035
2024-11-17 21:00:42,458 - English card not found for: OP09-036
2024-11-17 21:00:43,929 - Downloaded image from Asian URL: OP09-036
2024-11-17 21:00:44,853 - English card not found for: OP09-037
2024-11-17 21:00:46,427 - Downloaded image from Asian URL: OP09-037
2024-11-17 21:00:47,304 - English card not found for: OP09-037_p1
2024-11-17 21:00:48,839 - Downloaded image from Asian URL: OP09-037_p1
2024-11-17 21:00:49,730 - English card not found for: OP09-038
2024-11-17 21:00:51,308 - Downloaded image from Asian URL: OP09-038
2024-11-17 21:00:52,185 - English card not found for: OP09-039
2024-11-17 21:00:53,775 - Downloaded image from Asian URL: OP09-039
2024-11-17 21:00:55,325 - English card not found for: OP09-040
2024-11-17 21:00:57,147 - Downloaded image from Asian URL: OP09-040
2024-11-17 21:00:58,053 - English card not found for: OP09-041
2024-11-17 21:01:02,034 - Downloaded image from Asian URL: OP09-041
2024-11-17 21:01:02,932 - English card not found for: OP09-042
2024-11-17 21:01:04,785 - Downloaded image from Asian URL: OP09-042
2024-11-17 21:01:06,972 - English card not found for: OP09-042_p1
2024-11-17 21:01:08,814 - Downloaded image from Asian URL: OP09-042_p1
2024-11-17 21:01:09,728 - English card not found for: OP09-043
2024-11-17 21:01:11,322 - Downloaded image from Asian URL: OP09-043
2024-11-17 21:01:12,231 - English card not found for: OP09-044
2024-11-17 21:01:15,660 - Downloaded image from Asian URL: OP09-044
2024-11-17 21:01:16,565 - English card not found for: OP09-045
2024-11-17 21:01:18,151 - Downloaded image from Asian URL: OP09-045
2024-11-17 21:01:19,063 - English card not found for: OP09-046
2024-11-17 21:01:20,635 - Downloaded image from Asian URL: OP09-046
2024-11-17 21:01:21,592 - English card not found for: OP09-046_p1
2024-11-17 21:01:23,355 - Downloaded image from Asian URL: OP09-046_p1
2024-11-17 21:01:24,268 - English card not found for: OP09-047
2024-11-17 21:01:26,095 - Downloaded image from Asian URL: OP09-047
2024-11-17 21:01:26,967 - English card not found for: OP09-048
2024-11-17 21:01:28,560 - Downloaded image from Asian URL: OP09-048
2024-11-17 21:01:29,472 - English card not found for: OP09-048_p1
2024-11-17 21:01:31,266 - Downloaded image from Asian URL: OP09-048_p1
2024-11-17 21:01:32,167 - English card not found for: OP09-049
2024-11-17 21:01:33,741 - Downloaded image from Asian URL: OP09-049
2024-11-17 21:01:34,649 - English card not found for: OP09-050
2024-11-17 21:01:36,119 - Downloaded image from Asian URL: OP09-050
2024-11-17 21:01:36,962 - English card not found for: OP09-050_p1
2024-11-17 21:01:39,256 - Downloaded image from Asian URL: OP09-050_p1
2024-11-17 21:01:40,128 - English card not found for: OP09-051
2024-11-17 21:01:41,708 - Downloaded image from Asian URL: OP09-051
2024-11-17 21:01:42,571 - English card not found for: OP09-051_p1
2024-11-17 21:01:44,417 - Downloaded image from Asian URL: OP09-051_p1
2024-11-17 21:01:45,285 - English card not found for: OP09-051_p2
2024-11-17 21:01:47,011 - Downloaded image from Asian URL: OP09-051_p2
2024-11-17 21:01:47,883 - English card not found for: OP09-051_p3
2024-11-17 21:01:51,048 - Downloaded image from Asian URL: OP09-051_p3
2024-11-17 21:01:51,979 - English card not found for: OP09-052
2024-11-17 21:01:53,522 - Downloaded image from Asian URL: OP09-052
2024-11-17 21:01:54,426 - English card not found for: OP09-053
2024-11-17 21:01:56,048 - Downloaded image from Asian URL: OP09-053
2024-11-17 21:01:56,938 - English card not found for: OP09-054
2024-11-17 21:01:58,533 - Downloaded image from Asian URL: OP09-054
2024-11-17 21:01:59,456 - English card not found for: OP09-055
2024-11-17 21:02:01,025 - Downloaded image from Asian URL: OP09-055
2024-11-17 21:02:01,943 - English card not found for: OP09-056
2024-11-17 21:02:03,465 - Downloaded image from Asian URL: OP09-056
2024-11-17 21:02:04,366 - English card not found for: OP09-057
2024-11-17 21:02:05,933 - Downloaded image from Asian URL: OP09-057
2024-11-17 21:02:06,754 - English card not found for: OP09-058
2024-11-17 21:02:08,255 - Downloaded image from Asian URL: OP09-058
2024-11-17 21:02:09,157 - English card not found for: OP09-059
2024-11-17 21:02:10,725 - Downloaded image from Asian URL: OP09-059
2024-11-17 21:02:11,627 - English card not found for: OP09-060
2024-11-17 21:02:13,174 - Downloaded image from Asian URL: OP09-060
2024-11-17 21:02:14,070 - English card not found for: OP09-061
2024-11-17 21:02:15,631 - Downloaded image from Asian URL: OP09-061
2024-11-17 21:02:16,493 - English card not found for: OP09-061_p1
2024-11-17 21:02:18,090 - Downloaded image from Asian URL: OP09-061_p1
2024-11-17 21:02:18,980 - English card not found for: OP09-062
2024-11-17 21:02:20,543 - Downloaded image from Asian URL: OP09-062
2024-11-17 21:02:21,420 - English card not found for: OP09-062_p1
2024-11-17 21:02:23,007 - Downloaded image from Asian URL: OP09-062_p1
2024-11-17 21:02:23,907 - English card not found for: OP09-063
2024-11-17 21:02:25,503 - Downloaded image from Asian URL: OP09-063
2024-11-17 21:02:26,374 - English card not found for: OP09-064
2024-11-17 21:02:27,978 - Downloaded image from Asian URL: OP09-064
2024-11-17 21:02:28,888 - English card not found for: OP09-065
2024-11-17 21:02:30,473 - Downloaded image from Asian URL: OP09-065
2024-11-17 21:02:31,384 - English card not found for: OP09-065_p1
2024-11-17 21:02:32,939 - Downloaded image from Asian URL: OP09-065_p1
2024-11-17 21:02:33,843 - English card not found for: OP09-066
2024-11-17 21:02:35,352 - Downloaded image from Asian URL: OP09-066
2024-11-17 21:02:36,245 - English card not found for: OP09-067
2024-11-17 21:02:37,823 - Downloaded image from Asian URL: OP09-067
2024-11-17 21:02:38,731 - English card not found for: OP09-068
2024-11-17 21:02:40,293 - Downloaded image from Asian URL: OP09-068
2024-11-17 21:02:41,193 - English card not found for: OP09-069
2024-11-17 21:02:42,658 - Downloaded image from Asian URL: OP09-069
2024-11-17 21:02:43,505 - English card not found for: OP09-069_p1
2024-11-17 21:02:45,217 - Downloaded image from Asian URL: OP09-069_p1
2024-11-17 21:02:46,107 - English card not found for: OP09-070
2024-11-17 21:02:47,710 - Downloaded image from Asian URL: OP09-070
2024-11-17 21:02:48,606 - English card not found for: OP09-071
2024-11-17 21:02:50,142 - Downloaded image from Asian URL: OP09-071
2024-11-17 21:02:51,044 - English card not found for: OP09-072
2024-11-17 21:02:52,602 - Downloaded image from Asian URL: OP09-072
2024-11-17 21:02:53,406 - English card not found for: OP09-072_p1
2024-11-17 21:02:54,942 - Downloaded image from Asian URL: OP09-072_p1
2024-11-17 21:02:55,792 - English card not found for: OP09-073
2024-11-17 21:02:57,373 - Downloaded image from Asian URL: OP09-073
2024-11-17 21:02:58,264 - English card not found for: OP09-074
2024-11-17 21:02:59,760 - Downloaded image from Asian URL: OP09-074
2024-11-17 21:03:00,679 - English card not found for: OP09-075
2024-11-17 21:03:02,253 - Downloaded image from Asian URL: OP09-075
2024-11-17 21:03:03,172 - English card not found for: OP09-076
2024-11-17 21:03:04,602 - Downloaded image from Asian URL: OP09-076
2024-11-17 21:03:05,430 - English card not found for: OP09-077
2024-11-17 21:03:07,016 - Downloaded image from Asian URL: OP09-077
2024-11-17 21:03:07,916 - English card not found for: OP09-078
2024-11-17 21:03:09,698 - Downloaded image from Asian URL: OP09-078
2024-11-17 21:03:10,618 - English card not found for: OP09-079
2024-11-17 21:03:12,148 - Downloaded image from Asian URL: OP09-079
2024-11-17 21:03:12,988 - English card not found for: OP09-080
2024-11-17 21:03:14,396 - Downloaded image from Asian URL: OP09-080
2024-11-17 21:03:15,227 - English card not found for: OP09-081
2024-11-17 21:03:16,734 - Downloaded image from Asian URL: OP09-081
2024-11-17 21:03:17,630 - English card not found for: OP09-081_p1
2024-11-17 21:03:19,425 - Downloaded image from Asian URL: OP09-081_p1
2024-11-17 21:03:20,260 - English card not found for: OP09-082
2024-11-17 21:03:23,371 - Downloaded image from Asian URL: OP09-082
2024-11-17 21:03:24,277 - English card not found for: OP09-083
2024-11-17 21:03:25,766 - Downloaded image from Asian URL: OP09-083
2024-11-17 21:03:26,661 - English card not found for: OP09-084
2024-11-17 21:03:28,248 - Downloaded image from Asian URL: OP09-084
2024-11-17 21:03:29,140 - English card not found for: OP09-085
2024-11-17 21:03:30,701 - Downloaded image from Asian URL: OP09-085
2024-11-17 21:03:31,579 - English card not found for: OP09-086
2024-11-17 21:03:33,069 - Downloaded image from Asian URL: OP09-086
2024-11-17 21:03:33,960 - English card not found for: OP09-087
2024-11-17 21:03:35,424 - Downloaded image from Asian URL: OP09-087
2024-11-17 21:03:36,331 - English card not found for: OP09-088
2024-11-17 21:03:38,153 - Downloaded image from Asian URL: OP09-088
2024-11-17 21:03:39,739 - English card not found for: OP09-089
2024-11-17 21:03:41,276 - Downloaded image from Asian URL: OP09-089
2024-11-17 21:03:42,155 - English card not found for: OP09-090
2024-11-17 21:03:43,698 - Downloaded image from Asian URL: OP09-090
2024-11-17 21:03:44,596 - English card not found for: OP09-091
2024-11-17 21:03:46,120 - Downloaded image from Asian URL: OP09-091
2024-11-17 21:03:46,964 - English card not found for: OP09-092
2024-11-17 21:03:50,358 - Downloaded image from Asian URL: OP09-092
2024-11-17 21:03:51,265 - English card not found for: OP09-093
2024-11-17 21:03:53,031 - Downloaded image from Asian URL: OP09-093
2024-11-17 21:03:53,935 - English card not found for: OP09-093_p1
2024-11-17 21:03:55,642 - Downloaded image from Asian URL: OP09-093_p1
2024-11-17 21:03:56,531 - English card not found for: OP09-093_p2
2024-11-17 21:03:58,763 - Downloaded image from Asian URL: OP09-093_p2
2024-11-17 21:03:59,678 - English card not found for: OP09-093_p3
2024-11-17 21:04:01,412 - Downloaded image from Asian URL: OP09-093_p3
2024-11-17 21:04:02,267 - English card not found for: OP09-094
2024-11-17 21:04:03,751 - Downloaded image from Asian URL: OP09-094
2024-11-17 21:04:04,586 - English card not found for: OP09-095
2024-11-17 21:04:06,018 - Downloaded image from Asian URL: OP09-095
2024-11-17 21:04:06,939 - English card not found for: OP09-096
2024-11-17 21:04:08,467 - Downloaded image from Asian URL: OP09-096
2024-11-17 21:04:09,367 - English card not found for: OP09-097
2024-11-17 21:04:10,936 - Downloaded image from Asian URL: OP09-097
2024-11-17 21:04:11,852 - English card not found for: OP09-098
2024-11-17 21:04:13,364 - Downloaded image from Asian URL: OP09-098
2024-11-17 21:04:14,246 - English card not found for: OP09-099
2024-11-17 21:04:15,804 - Downloaded image from Asian URL: OP09-099
2024-11-17 21:04:16,701 - English card not found for: OP09-100
2024-11-17 21:04:18,179 - Downloaded image from Asian URL: OP09-100
2024-11-17 21:04:19,024 - English card not found for: OP09-101
2024-11-17 21:04:20,567 - Downloaded image from Asian URL: OP09-101
2024-11-17 21:04:21,451 - English card not found for: OP09-102
2024-11-17 21:04:23,049 - Downloaded image from Asian URL: OP09-102
2024-11-17 21:04:23,986 - English card not found for: OP09-103
2024-11-17 21:04:25,572 - Downloaded image from Asian URL: OP09-103
2024-11-17 21:04:26,435 - English card not found for: OP09-103_p1
2024-11-17 21:04:27,853 - Downloaded image from Asian URL: OP09-103_p1
2024-11-17 21:04:28,680 - English card not found for: OP09-104
2024-11-17 21:04:30,348 - Downloaded image from Asian URL: OP09-104
2024-11-17 21:04:31,219 - English card not found for: OP09-105
2024-11-17 21:04:32,758 - Downloaded image from Asian URL: OP09-105
2024-11-17 21:04:33,657 - English card not found for: OP09-106
2024-11-17 21:04:35,196 - Downloaded image from Asian URL: OP09-106
2024-11-17 21:04:36,054 - English card not found for: OP09-107
2024-11-17 21:04:37,515 - Downloaded image from Asian URL: OP09-107
2024-11-17 21:04:38,420 - English card not found for: OP09-107_p1
2024-11-17 21:04:40,187 - Downloaded image from Asian URL: OP09-107_p1
2024-11-17 21:04:41,097 - English card not found for: OP09-108
2024-11-17 21:04:42,659 - Downloaded image from Asian URL: OP09-108
2024-11-17 21:04:43,539 - English card not found for: OP09-109
2024-11-17 21:04:45,135 - Downloaded image from Asian URL: OP09-109
2024-11-17 21:04:46,019 - English card not found for: OP09-110
2024-11-17 21:04:47,598 - Downloaded image from Asian URL: OP09-110
2024-11-17 21:04:48,472 - English card not found for: OP09-111
2024-11-17 21:04:49,987 - Downloaded image from Asian URL: OP09-111
2024-11-17 21:04:50,886 - English card not found for: OP09-112
2024-11-17 21:04:52,430 - Downloaded image from Asian URL: OP09-112
2024-11-17 21:04:53,324 - English card not found for: OP09-113
2024-11-17 21:04:54,891 - Downloaded image from Asian URL: OP09-113
2024-11-17 21:04:55,798 - English card not found for: OP09-114
2024-11-17 21:04:57,326 - Downloaded image from Asian URL: OP09-114
2024-11-17 21:04:58,154 - English card not found for: OP09-115
2024-11-17 21:04:59,721 - Downloaded image from Asian URL: OP09-115
2024-11-17 21:05:01,518 - English card not found for: OP09-116
2024-11-17 21:05:03,045 - Downloaded image from Asian URL: OP09-116
2024-11-17 21:05:03,947 - English card not found for: OP09-117
2024-11-17 21:05:05,486 - Downloaded image from Asian URL: OP09-117
2024-11-17 21:05:06,391 - English card not found for: OP09-118
2024-11-17 21:05:08,098 - Downloaded image from Asian URL: OP09-118
2024-11-17 21:05:09,019 - English card not found for: OP09-118_p1
2024-11-17 21:05:10,757 - Downloaded image from Asian URL: OP09-118_p1
2024-11-17 21:05:12,649 - English card not found for: OP09-118_p2
2024-11-17 21:05:14,419 - Downloaded image from Asian URL: OP09-118_p2
2024-11-17 21:05:15,321 - English card not found for: OP09-119
2024-11-17 21:05:16,998 - Downloaded image from Asian URL: OP09-119
2024-11-17 21:05:17,905 - English card not found for: OP09-119_p1
2024-11-17 21:05:19,663 - Downloaded image from Asian URL: OP09-119_p1
2024-11-17 21:05:20,538 - English card not found for: OP09-119_p2
2024-11-17 21:05:22,164 - Downloaded image from Asian URL: OP09-119_p2
2024-11-17 21:05:23,066 - English card not found for: ST02-007_p3
2024-11-17 21:05:24,843 - Downloaded image from Asian URL: ST02-007_p3
